<?xml version="1.0" encoding="UTF-8"?>
<!-- Generated by org.testng.reporters.JUnitReportReporter -->
<testsuite hostname="DESKTOP-KDKJ11Q" failures="0" tests="1" name="com.tests.simpleCRUDWithTechaechApp.LoginToApi" time="4.681" errors="0" timestamp="2022-02-21T11:22:50 PST" skipped="0">
  <testcase classname="com.tests.simpleCRUDWithTechaechApp.LoginToApi" name="loginTest" time="4.681"/>
  <system-out/>
</testsuite> <!-- com.tests.simpleCRUDWithTechaechApp.LoginToApi -->
