<?xml version="1.0" encoding="UTF-8"?>
<!-- Generated by org.testng.reporters.JUnitReportReporter -->
<testsuite hostname="DESKTOP-KDKJ11Q" failures="0" tests="1" name="com.tests.simpleCRUDWithTechaechApp.DeleteUserDataTest" time="6.500" errors="0" timestamp="2022-02-21T16:55:44 PST" skipped="0">
  <testcase classname="com.tests.simpleCRUDWithTechaechApp.DeleteUserDataTest" name="deleteUserwithPojo" time="6.500"/>
  <system-out/>
</testsuite> <!-- com.tests.simpleCRUDWithTechaechApp.DeleteUserDataTest -->
