<?xml version="1.0" encoding="UTF-8"?>
<!-- Generated by org.testng.reporters.JUnitReportReporter -->
<testsuite hostname="DESKTOP-KDKJ11Q" failures="0" tests="1" name="com.tests.simpleCRUDWithTechaechApp.GetUserTest" time="7.007" errors="0" timestamp="2022-02-21T16:59:28 PST" skipped="0">
  <testcase classname="com.tests.simpleCRUDWithTechaechApp.GetUserTest" name="getUser" time="7.007"/>
  <system-out/>
</testsuite> <!-- com.tests.simpleCRUDWithTechaechApp.GetUserTest -->
