<?xml version="1.0" encoding="UTF-8"?>
<!-- Generated by org.testng.reporters.JUnitReportReporter -->
<testsuite hostname="DESKTOP-KDKJ11Q" failures="0" tests="1" name="com.test.tests.TecharchApiTestScript" time="6.156" errors="0" timestamp="2022-02-21T16:59:28 PST" skipped="0">
  <testcase classname="com.test.tests.TecharchApiTestScript" name="callAllTheTest" time="6.156"/>
  <system-out/>
</testsuite> <!-- com.test.tests.TecharchApiTestScript -->
